<?xml version="1.0" encoding="UTF-8"?>
<testng-results ignored="0" total="3" passed="3" failed="0" skipped="0">
  <reporter-output>
  </reporter-output>
  <suite started-at="2023-09-29T07:00:19 IST" name="Default suite" finished-at="2023-09-29T07:01:06 IST" duration-ms="47119">
    <groups>
      <group name="cucumber">
        <method signature="AbstractTestNGCucumberTests.runScenario(io.cucumber.testng.PickleWrapper,io.cucumber.testng.FeatureWrapper)[pri:0, instance:com.Runner.Runner$CucumberRunnerTests@4201c465]" name="runScenario" class="io.cucumber.testng.AbstractTestNGCucumberTests"/>
      </group> <!-- cucumber -->
    </groups>
    <test started-at="2023-09-29T07:00:19 IST" name="Default test" finished-at="2023-09-29T07:01:06 IST" duration-ms="47119">
      <class name="com.Runner.Runner$CucumberRunnerTests">
        <test-method is-config="true" signature="setUpClass(org.testng.ITestContext)[pri:0, instance:com.Runner.Runner$CucumberRunnerTests@4201c465]" started-at="2023-09-29T07:00:19 IST" name="setUpClass" finished-at="2023-09-29T07:00:21 IST" duration-ms="1396" status="PASS">
          <params>
            <param index="0">
              <value>
                <![CDATA[org.testng.TestRunner@40277077]]>
              </value>
            </param>
          </params>
          <reporter-output>
          </reporter-output>
        </test-method> <!-- setUpClass -->
        <test-method signature="runScenario(io.cucumber.testng.PickleWrapper,io.cucumber.testng.FeatureWrapper)[pri:0, instance:com.Runner.Runner$CucumberRunnerTests@4201c465]" started-at="2023-09-29T07:00:21 IST" name="runScenario" description="Runs Cucumber Scenarios" data-provider="scenarios" finished-at="2023-09-29T07:00:41 IST" duration-ms="20831" status="PASS">
          <params>
            <param index="0">
              <value>
                <![CDATA["Navigate to camera, photo section in electronics tab."]]>
              </value>
            </param>
            <param index="1">
              <value>
                <![CDATA["Add, display & remove functionality for camera, photo section in electronics tab for demowebshop ecommerce website."]]>
              </value>
            </param>
          </params>
          <reporter-output>
          </reporter-output>
        </test-method> <!-- runScenario -->
        <test-method signature="runScenario(io.cucumber.testng.PickleWrapper,io.cucumber.testng.FeatureWrapper)[pri:0, instance:com.Runner.Runner$CucumberRunnerTests@4201c465]" started-at="2023-09-29T07:00:41 IST" name="runScenario" description="Runs Cucumber Scenarios" data-provider="scenarios" finished-at="2023-09-29T07:00:53 IST" duration-ms="12019" status="PASS">
          <params>
            <param index="0">
              <value>
                <![CDATA["Open Facebook page"]]>
              </value>
            </param>
            <param index="1">
              <value>
                <![CDATA["Add to compare functionality for camera, photo section in electronics tab for demowebshop ecommerce website."]]>
              </value>
            </param>
          </params>
          <reporter-output>
          </reporter-output>
        </test-method> <!-- runScenario -->
        <test-method signature="runScenario(io.cucumber.testng.PickleWrapper,io.cucumber.testng.FeatureWrapper)[pri:0, instance:com.Runner.Runner$CucumberRunnerTests@4201c465]" started-at="2023-09-29T07:00:53 IST" name="runScenario" description="Runs Cucumber Scenarios" data-provider="scenarios" finished-at="2023-09-29T07:01:03 IST" duration-ms="9193" status="PASS">
          <params>
            <param index="0">
              <value>
                <![CDATA["Open Twitter page"]]>
              </value>
            </param>
            <param index="1">
              <value>
                <![CDATA["Add to compare functionality for camera, photo section in electronics tab for demowebshop ecommerce website."]]>
              </value>
            </param>
          </params>
          <reporter-output>
          </reporter-output>
        </test-method> <!-- runScenario -->
        <test-method is-config="true" signature="tearDownClass()[pri:0, instance:com.Runner.Runner$CucumberRunnerTests@4201c465]" started-at="2023-09-29T07:01:03 IST" name="tearDownClass" finished-at="2023-09-29T07:01:06 IST" duration-ms="3602" status="PASS">
          <reporter-output>
          </reporter-output>
        </test-method> <!-- tearDownClass -->
      </class> <!-- com.Runner.Runner$CucumberRunnerTests -->
    </test> <!-- Default test -->
  </suite> <!-- Default suite -->
</testng-results>
