<?xml version="1.0" encoding="UTF-8"?>
<testng-results ignored="0" total="10" passed="10" failed="0" skipped="0">
  <reporter-output>
  </reporter-output>
  <suite started-at="2023-09-28T13:05:12 IST" name="Default suite" finished-at="2023-09-28T13:06:40 IST" duration-ms="87930">
    <groups>
      <group name="cucumber">
        <method signature="AbstractTestNGCucumberTests.runScenario(io.cucumber.testng.PickleWrapper,io.cucumber.testng.FeatureWrapper)[pri:0, instance:com.Runner.Runner$CucumberRunnerTests@6cb107fd]" name="runScenario" class="io.cucumber.testng.AbstractTestNGCucumberTests"/>
      </group> <!-- cucumber -->
    </groups>
    <test started-at="2023-09-28T13:05:12 IST" name="Default test" finished-at="2023-09-28T13:06:40 IST" duration-ms="87930">
      <class name="com.Runner.Runner$CucumberRunnerTests">
        <test-method is-config="true" signature="setUpClass(org.testng.ITestContext)[pri:0, instance:com.Runner.Runner$CucumberRunnerTests@6cb107fd]" started-at="2023-09-28T13:05:12 IST" name="setUpClass" finished-at="2023-09-28T13:05:13 IST" duration-ms="1043" status="PASS">
          <params>
            <param index="0">
              <value>
                <![CDATA[org.testng.TestRunner@4b5ceb5d]]>
              </value>
            </param>
          </params>
          <reporter-output>
          </reporter-output>
        </test-method> <!-- setUpClass -->
        <test-method signature="runScenario(io.cucumber.testng.PickleWrapper,io.cucumber.testng.FeatureWrapper)[pri:0, instance:com.Runner.Runner$CucumberRunnerTests@6cb107fd]" started-at="2023-09-28T13:05:13 IST" name="runScenario" description="Runs Cucumber Scenarios" data-provider="scenarios" finished-at="2023-09-28T13:05:27 IST" duration-ms="13840" status="PASS">
          <params>
            <param index="0">
              <value>
                <![CDATA["Send Green and Blue Sneaker to Friend via Email"]]>
              </value>
            </param>
            <param index="1">
              <value>
                <![CDATA["Send Product to Friend via Email"]]>
              </value>
            </param>
          </params>
          <reporter-output>
          </reporter-output>
        </test-method> <!-- runScenario -->
        <test-method signature="runScenario(io.cucumber.testng.PickleWrapper,io.cucumber.testng.FeatureWrapper)[pri:0, instance:com.Runner.Runner$CucumberRunnerTests@6cb107fd]" started-at="2023-09-28T13:05:27 IST" name="runScenario" description="Runs Cucumber Scenarios" data-provider="scenarios" finished-at="2023-09-28T13:05:36 IST" duration-ms="8752" status="PASS">
          <params>
            <param index="0">
              <value>
                <![CDATA["Sort Desktop Products by Price Low to High"]]>
              </value>
            </param>
            <param index="1">
              <value>
                <![CDATA["Computers and Accessories"]]>
              </value>
            </param>
          </params>
          <reporter-output>
          </reporter-output>
        </test-method> <!-- runScenario -->
        <test-method signature="runScenario(io.cucumber.testng.PickleWrapper,io.cucumber.testng.FeatureWrapper)[pri:0, instance:com.Runner.Runner$CucumberRunnerTests@6cb107fd]" started-at="2023-09-28T13:05:36 IST" name="runScenario" description="Runs Cucumber Scenarios" data-provider="scenarios" finished-at="2023-09-28T13:05:44 IST" duration-ms="8728" status="PASS">
          <params>
            <param index="0">
              <value>
                <![CDATA["Display Four Accessories Products and Verify"]]>
              </value>
            </param>
            <param index="1">
              <value>
                <![CDATA["Computers and Accessories"]]>
              </value>
            </param>
          </params>
          <reporter-output>
          </reporter-output>
        </test-method> <!-- runScenario -->
        <test-method signature="runScenario(io.cucumber.testng.PickleWrapper,io.cucumber.testng.FeatureWrapper)[pri:0, instance:com.Runner.Runner$CucumberRunnerTests@6cb107fd]" started-at="2023-09-28T13:05:44 IST" name="runScenario" description="Runs Cucumber Scenarios" data-provider="scenarios" finished-at="2023-09-28T13:05:54 IST" duration-ms="9548" status="PASS">
          <params>
            <param index="0">
              <value>
                <![CDATA["Display Twelve Accessories Products and Verify"]]>
              </value>
            </param>
            <param index="1">
              <value>
                <![CDATA["Computers and Accessories"]]>
              </value>
            </param>
          </params>
          <reporter-output>
          </reporter-output>
        </test-method> <!-- runScenario -->
        <test-method signature="runScenario(io.cucumber.testng.PickleWrapper,io.cucumber.testng.FeatureWrapper)[pri:0, instance:com.Runner.Runner$CucumberRunnerTests@6cb107fd]" started-at="2023-09-28T13:05:54 IST" name="runScenario" description="Runs Cucumber Scenarios" data-provider="scenarios" finished-at="2023-09-28T13:06:03 IST" duration-ms="9122" status="PASS">
          <params>
            <param index="0">
              <value>
                <![CDATA["Search a Product"]]>
              </value>
            </param>
            <param index="1">
              <value>
                <![CDATA["Customer Service Features"]]>
              </value>
            </param>
          </params>
          <reporter-output>
          </reporter-output>
        </test-method> <!-- runScenario -->
        <test-method signature="runScenario(io.cucumber.testng.PickleWrapper,io.cucumber.testng.FeatureWrapper)[pri:0, instance:com.Runner.Runner$CucumberRunnerTests@6cb107fd]" started-at="2023-09-28T13:06:03 IST" name="runScenario" description="Runs Cucumber Scenarios" data-provider="scenarios" finished-at="2023-09-28T13:06:09 IST" duration-ms="6242" status="PASS">
          <params>
            <param index="0">
              <value>
                <![CDATA["News of Store"]]>
              </value>
            </param>
            <param index="1">
              <value>
                <![CDATA["Customer Service Features"]]>
              </value>
            </param>
          </params>
          <reporter-output>
          </reporter-output>
        </test-method> <!-- runScenario -->
        <test-method signature="runScenario(io.cucumber.testng.PickleWrapper,io.cucumber.testng.FeatureWrapper)[pri:0, instance:com.Runner.Runner$CucumberRunnerTests@6cb107fd]" started-at="2023-09-28T13:06:09 IST" name="runScenario" description="Runs Cucumber Scenarios" data-provider="scenarios" finished-at="2023-09-28T13:06:16 IST" duration-ms="7012" status="PASS">
          <params>
            <param index="0">
              <value>
                <![CDATA["Blog"]]>
              </value>
            </param>
            <param index="1">
              <value>
                <![CDATA["Customer Service Features"]]>
              </value>
            </param>
          </params>
          <reporter-output>
          </reporter-output>
        </test-method> <!-- runScenario -->
        <test-method signature="runScenario(io.cucumber.testng.PickleWrapper,io.cucumber.testng.FeatureWrapper)[pri:0, instance:com.Runner.Runner$CucumberRunnerTests@6cb107fd]" started-at="2023-09-28T13:06:16 IST" name="runScenario" description="Runs Cucumber Scenarios" data-provider="scenarios" finished-at="2023-09-28T13:06:23 IST" duration-ms="6775" status="PASS">
          <params>
            <param index="0">
              <value>
                <![CDATA["Recently Viewed Products"]]>
              </value>
            </param>
            <param index="1">
              <value>
                <![CDATA["Customer Service Features"]]>
              </value>
            </param>
          </params>
          <reporter-output>
          </reporter-output>
        </test-method> <!-- runScenario -->
        <test-method signature="runScenario(io.cucumber.testng.PickleWrapper,io.cucumber.testng.FeatureWrapper)[pri:0, instance:com.Runner.Runner$CucumberRunnerTests@6cb107fd]" started-at="2023-09-28T13:06:23 IST" name="runScenario" description="Runs Cucumber Scenarios" data-provider="scenarios" finished-at="2023-09-28T13:06:30 IST" duration-ms="6700" status="PASS">
          <params>
            <param index="0">
              <value>
                <![CDATA["Compare Products List"]]>
              </value>
            </param>
            <param index="1">
              <value>
                <![CDATA["Customer Service Features"]]>
              </value>
            </param>
          </params>
          <reporter-output>
          </reporter-output>
        </test-method> <!-- runScenario -->
        <test-method signature="runScenario(io.cucumber.testng.PickleWrapper,io.cucumber.testng.FeatureWrapper)[pri:0, instance:com.Runner.Runner$CucumberRunnerTests@6cb107fd]" started-at="2023-09-28T13:06:30 IST" name="runScenario" description="Runs Cucumber Scenarios" data-provider="scenarios" finished-at="2023-09-28T13:06:37 IST" duration-ms="7231" status="PASS">
          <params>
            <param index="0">
              <value>
                <![CDATA["New Products"]]>
              </value>
            </param>
            <param index="1">
              <value>
                <![CDATA["Customer Service Features"]]>
              </value>
            </param>
          </params>
          <reporter-output>
          </reporter-output>
        </test-method> <!-- runScenario -->
        <test-method is-config="true" signature="tearDownClass()[pri:0, instance:com.Runner.Runner$CucumberRunnerTests@6cb107fd]" started-at="2023-09-28T13:06:37 IST" name="tearDownClass" finished-at="2023-09-28T13:06:40 IST" duration-ms="2855" status="PASS">
          <reporter-output>
          </reporter-output>
        </test-method> <!-- tearDownClass -->
      </class> <!-- com.Runner.Runner$CucumberRunnerTests -->
    </test> <!-- Default test -->
  </suite> <!-- Default suite -->
</testng-results>
