<?xml version="1.0" encoding="UTF-8"?>
<testng-results ignored="0" total="11" passed="9" failed="2" skipped="0">
  <reporter-output>
  </reporter-output>
  <suite started-at="2023-09-28T13:34:23 IST" name="Default suite" finished-at="2023-09-28T13:36:10 IST" duration-ms="107895">
    <groups>
      <group name="cucumber">
        <method signature="AbstractTestNGCucumberTests.runScenario(io.cucumber.testng.PickleWrapper,io.cucumber.testng.FeatureWrapper)[pri:0, instance:com.Runner.Runner$CucumberRunnerTests@48e1f6c7]" name="runScenario" class="io.cucumber.testng.AbstractTestNGCucumberTests"/>
      </group> <!-- cucumber -->
    </groups>
    <test started-at="2023-09-28T13:34:23 IST" name="Default test" finished-at="2023-09-28T13:36:10 IST" duration-ms="107895">
      <class name="com.Runner.Runner$CucumberRunnerTests">
        <test-method is-config="true" signature="setUpClass(org.testng.ITestContext)[pri:0, instance:com.Runner.Runner$CucumberRunnerTests@48e1f6c7]" started-at="2023-09-28T13:34:23 IST" name="setUpClass" finished-at="2023-09-28T13:34:25 IST" duration-ms="2163" status="PASS">
          <params>
            <param index="0">
              <value>
                <![CDATA[org.testng.TestRunner@6af02de0]]>
              </value>
            </param>
          </params>
          <reporter-output>
          </reporter-output>
        </test-method> <!-- setUpClass -->
        <test-method signature="runScenario(io.cucumber.testng.PickleWrapper,io.cucumber.testng.FeatureWrapper)[pri:0, instance:com.Runner.Runner$CucumberRunnerTests@48e1f6c7]" started-at="2023-09-28T13:34:25 IST" name="runScenario" description="Runs Cucumber Scenarios" data-provider="scenarios" finished-at="2023-09-28T13:34:45 IST" duration-ms="19846" status="FAIL">
          <params>
            <param index="0">
              <value>
                <![CDATA["Validate Registor Page"]]>
              </value>
            </param>
            <param index="1">
              <value>
                <![CDATA["Validate Registor Page"]]>
              </value>
            </param>
          </params>
          <exception class="org.openqa.selenium.NoSuchElementException">
            <message>
              <![CDATA[no such element: Unable to locate element: {"method":"xpath","selector":"//div[@class="result"]"}
  (Session info: chrome=117.0.5938.92)
For documentation on this error, please visit: https://www.selenium.dev/documentation/webdriver/troubleshooting/errors#no-such-element-exception
Build info: version: '4.12.1', revision: '8e34639b11'
System info: os.name: 'Windows 10', os.arch: 'amd64', os.version: '10.0', java.version: '20.0.1'
Driver info: org.openqa.selenium.chrome.ChromeDriver
Command: [4e5f5759ed50e1d0cc2d1c1ca9417023, findElement {using=xpath, value=//div[@class="result"]}]
Capabilities {acceptInsecureCerts: false, browserName: chrome, browserVersion: 117.0.5938.92, chrome: {chromedriverVersion: 117.0.5938.92 (67649b10b92b..., userDataDir: C:\Users\ctawade\AppData\Lo...}, fedcm:accounts: true, goog:chromeOptions: {debuggerAddress: localhost:63508}, networkConnectionEnabled: false, pageLoadStrategy: normal, platformName: windows, proxy: Proxy(), se:cdp: ws://localhost:63508/devtoo..., se:cdpVersion: 117.0.5938.92, setWindowRect: true, strictFileInteractability: false, timeouts: {implicit: 0, pageLoad: 300000, script: 30000}, unhandledPromptBehavior: dismiss and notify, webauthn:extension:credBlob: true, webauthn:extension:largeBlob: true, webauthn:extension:minPinLength: true, webauthn:extension:prf: true, webauthn:virtualAuthenticators: true}
Session ID: 4e5f5759ed50e1d0cc2d1c1ca9417023]]>
            </message>
            <full-stacktrace>
              <![CDATA[org.openqa.selenium.NoSuchElementException: no such element: Unable to locate element: {"method":"xpath","selector":"//div[@class="result"]"}
  (Session info: chrome=117.0.5938.92)
For documentation on this error, please visit: https://www.selenium.dev/documentation/webdriver/troubleshooting/errors#no-such-element-exception
Build info: version: '4.12.1', revision: '8e34639b11'
System info: os.name: 'Windows 10', os.arch: 'amd64', os.version: '10.0', java.version: '20.0.1'
Driver info: org.openqa.selenium.chrome.ChromeDriver
Command: [4e5f5759ed50e1d0cc2d1c1ca9417023, findElement {using=xpath, value=//div[@class="result"]}]
Capabilities {acceptInsecureCerts: false, browserName: chrome, browserVersion: 117.0.5938.92, chrome: {chromedriverVersion: 117.0.5938.92 (67649b10b92b..., userDataDir: C:\Users\ctawade\AppData\Lo...}, fedcm:accounts: true, goog:chromeOptions: {debuggerAddress: localhost:63508}, networkConnectionEnabled: false, pageLoadStrategy: normal, platformName: windows, proxy: Proxy(), se:cdp: ws://localhost:63508/devtoo..., se:cdpVersion: 117.0.5938.92, setWindowRect: true, strictFileInteractability: false, timeouts: {implicit: 0, pageLoad: 300000, script: 30000}, unhandledPromptBehavior: dismiss and notify, webauthn:extension:credBlob: true, webauthn:extension:largeBlob: true, webauthn:extension:minPinLength: true, webauthn:extension:prf: true, webauthn:virtualAuthenticators: true}
Session ID: 4e5f5759ed50e1d0cc2d1c1ca9417023
at java.base/jdk.internal.reflect.DirectConstructorHandleAccessor.newInstance(DirectConstructorHandleAccessor.java:67)
at java.base/java.lang.reflect.Constructor.newInstanceWithCaller(Constructor.java:500)
at java.base/java.lang.reflect.Constructor.newInstance(Constructor.java:484)
at org.openqa.selenium.remote.codec.w3c.W3CHttpResponseCodec.createException(W3CHttpResponseCodec.java:200)
at org.openqa.selenium.remote.codec.w3c.W3CHttpResponseCodec.decode(W3CHttpResponseCodec.java:133)
at org.openqa.selenium.remote.codec.w3c.W3CHttpResponseCodec.decode(W3CHttpResponseCodec.java:52)
at org.openqa.selenium.remote.HttpCommandExecutor.execute(HttpCommandExecutor.java:191)
at org.openqa.selenium.remote.service.DriverCommandExecutor.invokeExecute(DriverCommandExecutor.java:196)
at org.openqa.selenium.remote.service.DriverCommandExecutor.execute(DriverCommandExecutor.java:171)
at org.openqa.selenium.remote.RemoteWebDriver.execute(RemoteWebDriver.java:602)
at org.openqa.selenium.remote.ElementLocation$ElementFinder$2.findElement(ElementLocation.java:165)
at org.openqa.selenium.remote.ElementLocation.findElement(ElementLocation.java:59)
at org.openqa.selenium.remote.RemoteWebDriver.findElement(RemoteWebDriver.java:359)
at org.openqa.selenium.remote.RemoteWebDriver.findElement(RemoteWebDriver.java:353)
at org.openqa.selenium.support.pagefactory.DefaultElementLocator.findElement(DefaultElementLocator.java:68)
at org.openqa.selenium.support.pagefactory.internal.LocatingElementHandler.invoke(LocatingElementHandler.java:38)
at jdk.proxy2/jdk.proxy2.$Proxy45.getText(Unknown Source)
at com.actions.RegisterPageActions.assertMessage(RegisterPageActions.java:84)
at com.StepDefinations.RegisterPageStepDefinition.validate_whether_user_is_registered_successfully(RegisterPageStepDefinition.java:55)
at com.StepDefinations.RegisterPageStepDefinition.fill_out_the_registration_form(RegisterPageStepDefinition.java:41)
at ✽.Fill out the registration form(file:///C:/Users/ctawade/OneDrive%20-%20Expleo%20France/Documents/TestDemoWebShop/src/test/resources/features/TC_1_Registration.feature:10)
]]>
            </full-stacktrace>
          </exception> <!-- org.openqa.selenium.NoSuchElementException -->
          <reporter-output>
          </reporter-output>
        </test-method> <!-- runScenario -->
        <test-method signature="runScenario(io.cucumber.testng.PickleWrapper,io.cucumber.testng.FeatureWrapper)[pri:0, instance:com.Runner.Runner$CucumberRunnerTests@48e1f6c7]" started-at="2023-09-28T13:34:45 IST" name="runScenario" description="Runs Cucumber Scenarios" data-provider="scenarios" finished-at="2023-09-28T13:34:53 IST" duration-ms="8743" status="PASS">
          <params>
            <param index="0">
              <value>
                <![CDATA["Forget Password With Email"]]>
              </value>
            </param>
            <param index="1">
              <value>
                <![CDATA["Forget Password using Email"]]>
              </value>
            </param>
          </params>
          <reporter-output>
          </reporter-output>
        </test-method> <!-- runScenario -->
        <test-method signature="runScenario(io.cucumber.testng.PickleWrapper,io.cucumber.testng.FeatureWrapper)[pri:0, instance:com.Runner.Runner$CucumberRunnerTests@48e1f6c7]" started-at="2023-09-28T13:34:53 IST" name="runScenario" description="Runs Cucumber Scenarios" data-provider="scenarios" finished-at="2023-09-28T13:35:01 IST" duration-ms="7640" status="PASS">
          <params>
            <param index="0">
              <value>
                <![CDATA["login with valid credentials"]]>
              </value>
            </param>
            <param index="1">
              <value>
                <![CDATA["Login Page Validatiion With Positive Negative credential"]]>
              </value>
            </param>
          </params>
          <reporter-output>
          </reporter-output>
        </test-method> <!-- runScenario -->
        <test-method signature="runScenario(io.cucumber.testng.PickleWrapper,io.cucumber.testng.FeatureWrapper)[pri:0, instance:com.Runner.Runner$CucumberRunnerTests@48e1f6c7]" started-at="2023-09-28T13:35:01 IST" name="runScenario" description="Runs Cucumber Scenarios" data-provider="scenarios" finished-at="2023-09-28T13:35:07 IST" duration-ms="6310" status="FAIL">
          <params>
            <param index="0">
              <value>
                <![CDATA["login with invalid credentials"]]>
              </value>
            </param>
            <param index="1">
              <value>
                <![CDATA["Login Page Validatiion With Positive Negative credential"]]>
              </value>
            </param>
          </params>
          <exception class="java.lang.AssertionError">
            <message>
              <![CDATA[did not expect [Login was unsuccessful. Please correct the errors and try again.] but found [Login was unsuccessful. Please correct the errors and try again.]]]>
            </message>
            <full-stacktrace>
              <![CDATA[java.lang.AssertionError: did not expect [Login was unsuccessful. Please correct the errors and try again.] but found [Login was unsuccessful. Please correct the errors and try again.]
at org.testng.Assert.fail(Assert.java:111)
at org.testng.Assert.failEquals(Assert.java:1582)
at org.testng.Assert.assertNotEqualsImpl(Assert.java:157)
at org.testng.Assert.assertNotEquals(Assert.java:2198)
at org.testng.Assert.assertNotEquals(Assert.java:2220)
at com.actions.LoginPageActions.AssertMessageNegative(LoginPageActions.java:69)
at com.StepDefinations.loginPageStepDefination.user_should_not_be_logged_in_successfully(loginPageStepDefination.java:71)
at ✽.User should not be logged in successfully(file:///C:/Users/ctawade/OneDrive%20-%20Expleo%20France/Documents/TestDemoWebShop/src/test/resources/features/TC_2_LoginPage.feature:25)
]]>
            </full-stacktrace>
          </exception> <!-- java.lang.AssertionError -->
          <reporter-output>
          </reporter-output>
        </test-method> <!-- runScenario -->
        <test-method signature="runScenario(io.cucumber.testng.PickleWrapper,io.cucumber.testng.FeatureWrapper)[pri:0, instance:com.Runner.Runner$CucumberRunnerTests@48e1f6c7]" started-at="2023-09-28T13:35:07 IST" name="runScenario" description="Runs Cucumber Scenarios" data-provider="scenarios" finished-at="2023-09-28T13:35:21 IST" duration-ms="14028" status="PASS">
          <params>
            <param index="0">
              <value>
                <![CDATA["Sort the Product in asscending order and Display as in grid view."]]>
              </value>
            </param>
            <param index="1">
              <value>
                <![CDATA["Category_BOOKS Page Sort the Product in asscending order and Display as a grid view."]]>
              </value>
            </param>
          </params>
          <reporter-output>
          </reporter-output>
        </test-method> <!-- runScenario -->
        <test-method signature="runScenario(io.cucumber.testng.PickleWrapper,io.cucumber.testng.FeatureWrapper)[pri:0, instance:com.Runner.Runner$CucumberRunnerTests@48e1f6c7]" started-at="2023-09-28T13:35:21 IST" name="runScenario" description="Runs Cucumber Scenarios" data-provider="scenarios" finished-at="2023-09-28T13:35:28 IST" duration-ms="6723" status="PASS">
          <params>
            <param index="0">
              <value>
                <![CDATA["Sitemap Page opening"]]>
              </value>
            </param>
            <param index="1">
              <value>
                <![CDATA["Verifing footer informations links working or not"]]>
              </value>
            </param>
          </params>
          <reporter-output>
          </reporter-output>
        </test-method> <!-- runScenario -->
        <test-method signature="runScenario(io.cucumber.testng.PickleWrapper,io.cucumber.testng.FeatureWrapper)[pri:0, instance:com.Runner.Runner$CucumberRunnerTests@48e1f6c7]" started-at="2023-09-28T13:35:28 IST" name="runScenario" description="Runs Cucumber Scenarios" data-provider="scenarios" finished-at="2023-09-28T13:35:37 IST" duration-ms="8981" status="PASS">
          <params>
            <param index="0">
              <value>
                <![CDATA["Shipping & Returns Page opening"]]>
              </value>
            </param>
            <param index="1">
              <value>
                <![CDATA["Verifing footer informations links working or not"]]>
              </value>
            </param>
          </params>
          <reporter-output>
          </reporter-output>
        </test-method> <!-- runScenario -->
        <test-method signature="runScenario(io.cucumber.testng.PickleWrapper,io.cucumber.testng.FeatureWrapper)[pri:0, instance:com.Runner.Runner$CucumberRunnerTests@48e1f6c7]" started-at="2023-09-28T13:35:37 IST" name="runScenario" description="Runs Cucumber Scenarios" data-provider="scenarios" finished-at="2023-09-28T13:35:44 IST" duration-ms="6675" status="PASS">
          <params>
            <param index="0">
              <value>
                <![CDATA["Privacy Notice Page opening"]]>
              </value>
            </param>
            <param index="1">
              <value>
                <![CDATA["Verifing footer informations links working or not"]]>
              </value>
            </param>
          </params>
          <reporter-output>
          </reporter-output>
        </test-method> <!-- runScenario -->
        <test-method signature="runScenario(io.cucumber.testng.PickleWrapper,io.cucumber.testng.FeatureWrapper)[pri:0, instance:com.Runner.Runner$CucumberRunnerTests@48e1f6c7]" started-at="2023-09-28T13:35:44 IST" name="runScenario" description="Runs Cucumber Scenarios" data-provider="scenarios" finished-at="2023-09-28T13:35:50 IST" duration-ms="6587" status="PASS">
          <params>
            <param index="0">
              <value>
                <![CDATA["Conditions of Use Page opening"]]>
              </value>
            </param>
            <param index="1">
              <value>
                <![CDATA["Verifing footer informations links working or not"]]>
              </value>
            </param>
          </params>
          <reporter-output>
          </reporter-output>
        </test-method> <!-- runScenario -->
        <test-method signature="runScenario(io.cucumber.testng.PickleWrapper,io.cucumber.testng.FeatureWrapper)[pri:0, instance:com.Runner.Runner$CucumberRunnerTests@48e1f6c7]" started-at="2023-09-28T13:35:50 IST" name="runScenario" description="Runs Cucumber Scenarios" data-provider="scenarios" finished-at="2023-09-28T13:35:57 IST" duration-ms="6474" status="PASS">
          <params>
            <param index="0">
              <value>
                <![CDATA["About us Page opening"]]>
              </value>
            </param>
            <param index="1">
              <value>
                <![CDATA["Verifing footer informations links working or not"]]>
              </value>
            </param>
          </params>
          <reporter-output>
          </reporter-output>
        </test-method> <!-- runScenario -->
        <test-method signature="runScenario(io.cucumber.testng.PickleWrapper,io.cucumber.testng.FeatureWrapper)[pri:0, instance:com.Runner.Runner$CucumberRunnerTests@48e1f6c7]" started-at="2023-09-28T13:35:57 IST" name="runScenario" description="Runs Cucumber Scenarios" data-provider="scenarios" finished-at="2023-09-28T13:36:06 IST" duration-ms="8752" status="PASS">
          <params>
            <param index="0">
              <value>
                <![CDATA["Contact us Page opening"]]>
              </value>
            </param>
            <param index="1">
              <value>
                <![CDATA["Verifing footer informations links working or not"]]>
              </value>
            </param>
          </params>
          <reporter-output>
          </reporter-output>
        </test-method> <!-- runScenario -->
        <test-method is-config="true" signature="tearDownClass()[pri:0, instance:com.Runner.Runner$CucumberRunnerTests@48e1f6c7]" started-at="2023-09-28T13:36:06 IST" name="tearDownClass" finished-at="2023-09-28T13:36:10 IST" duration-ms="4859" status="PASS">
          <reporter-output>
          </reporter-output>
        </test-method> <!-- tearDownClass -->
      </class> <!-- com.Runner.Runner$CucumberRunnerTests -->
    </test> <!-- Default test -->
  </suite> <!-- Default suite -->
</testng-results>
