<?xml version="1.0" encoding="UTF-8"?>
<!-- Generated by org.testng.reporters.JUnitReportReporter -->
<testsuite hostname="L-INE-5N15T93" failures="1" tests="4" name="com.Runner.Runner$CucumberRunnerTests" time="34.322" errors="0" timestamp="2023-09-25T11:04:29 IST" skipped="0">
  <testcase classname="com.Runner.Runner$CucumberRunnerTests" name="runScenario" time="12.668"/>
  <testcase classname="com.Runner.Runner$CucumberRunnerTests" name="runScenario" time="6.975"/>
  <testcase classname="com.Runner.Runner$CucumberRunnerTests" name="runScenario" time="8.505"/>
  <testcase classname="com.Runner.Runner$CucumberRunnerTests" name="runScenario" time="6.174">
    <failure message="did not expect [Login was unsuccessful. Please correct the errors and try again.] but found [Login was unsuccessful. Please correct the errors and try again.]" type="java.lang.AssertionError">
      <![CDATA[java.lang.AssertionError: did not expect [Login was unsuccessful. Please correct the errors and try again.] but found [Login was unsuccessful. Please correct the errors and try again.]
at org.testng.Assert.fail(Assert.java:111)
at org.testng.Assert.failEquals(Assert.java:1582)
at org.testng.Assert.assertNotEqualsImpl(Assert.java:157)
at org.testng.Assert.assertNotEquals(Assert.java:2198)
at org.testng.Assert.assertNotEquals(Assert.java:2220)
at com.actions.LoginPageActions.AssertMessageNegative(LoginPageActions.java:45)
at com.StepDefinations.loginPageStepDefination.user_should_not_be_logged_in_successfully(loginPageStepDefination.java:67)
at ✽.User should not be logged in successfully(file:///C:/Users/ctawade/OneDrive%20-%20Expleo%20France/Documents/TestDemoWebShop/src/test/resources/features/loginPage.feature:24)
]]>
    </failure>
  </testcase> <!-- runScenario -->
</testsuite> <!-- com.Runner.Runner$CucumberRunnerTests -->
